This file contains any messages produced by compilers while
running configure, to aid debugging if configure makes a mistake.

It was created by doxymacs configure 1.7.0, which was
generated by GNU Autoconf 2.59.  Invocation command line was

  $ ./configure 

## --------- ##
## Platform. ##
## --------- ##

hostname = vcroc.ddns.info
uname -m = i686
uname -r = 2.4.20-8smp
uname -s = Linux
uname -v = #1 SMP Thu Mar 13 17:45:54 EST 2003

/usr/bin/uname -p = unknown
/bin/uname -X     = unknown

/bin/arch              = i686
/usr/bin/arch -k       = unknown
/usr/convex/getsysinfo = unknown
hostinfo               = unknown
/bin/machine           = unknown
/usr/bin/oslevel       = unknown
/bin/universe          = unknown

PATH: /home/zhufan/mercurial-0.8.1
PATH: /home/zhufan/Python-2.4.3
PATH: /home/lpc/xen-patch-test/xen-2.0/pre-load
PATH: /root/j2sdk1.4.2/bin
PATH: /usr/local/sbin
PATH: /sbin
PATH: /usr/sbin
PATH: /usr/local/bin
PATH: /bin
PATH: /usr/bin
PATH: /usr/X11R6/bin
PATH: /home/wuxi/bin


## ----------- ##
## Core tests. ##
## ----------- ##

configure:1349: checking for a BSD-compatible install
configure:1404: result: /usr/bin/install -c
configure:1415: checking whether build environment is sane
configure:1458: result: yes
configure:1523: checking for gawk
configure:1539: found /bin/gawk
configure:1549: result: gawk
configure:1559: checking whether make sets $(MAKE)
configure:1579: result: yes
configure:1796: checking for gcc
configure:1812: found /usr/bin/gcc
configure:1822: result: gcc
configure:2066: checking for C compiler version
configure:2069: gcc --version </dev/null >&5
gcc (GCC) 3.2.2 20030222 (Red Hat Linux 3.2.2-5)
Copyright (C) 2002 Free Software Foundation, Inc.
This is free software; see the source for copying conditions.  There is NO
warranty; not even for MERCHANTABILITY or FITNESS FOR A PARTICULAR PURPOSE.

configure:2072: $? = 0
configure:2074: gcc -v </dev/null >&5
Reading specs from /usr/lib/gcc-lib/i386-redhat-linux/3.2.2/specs
Configured with: ../configure --prefix=/usr --mandir=/usr/share/man --infodir=/usr/share/info --enable-shared --enable-threads=posix --disable-checking --with-system-zlib --enable-__cxa_atexit --host=i386-redhat-linux
Thread model: posix
gcc version 3.2.2 20030222 (Red Hat Linux 3.2.2-5)
configure:2077: $? = 0
configure:2079: gcc -V </dev/null >&5
gcc: argument to `-V' is missing
configure:2082: $? = 1
configure:2105: checking for C compiler default output file name
configure:2108: gcc    conftest.c  >&5
configure:2111: $? = 0
configure:2157: result: a.out
configure:2162: checking whether the C compiler works
configure:2168: ./a.out
configure:2171: $? = 0
configure:2188: result: yes
configure:2195: checking whether we are cross compiling
configure:2197: result: no
configure:2200: checking for suffix of executables
configure:2202: gcc -o conftest    conftest.c  >&5
configure:2205: $? = 0
configure:2230: result: 
configure:2236: checking for suffix of object files
configure:2257: gcc -c   conftest.c >&5
configure:2260: $? = 0
configure:2282: result: o
configure:2286: checking whether we are using the GNU C compiler
configure:2310: gcc -c   conftest.c >&5
configure:2316: $? = 0
configure:2319: test -z 			 || test ! -s conftest.err
configure:2322: $? = 0
configure:2325: test -s conftest.o
configure:2328: $? = 0
configure:2341: result: yes
configure:2347: checking whether gcc accepts -g
configure:2368: gcc -c -g  conftest.c >&5
configure:2374: $? = 0
configure:2377: test -z 			 || test ! -s conftest.err
configure:2380: $? = 0
configure:2383: test -s conftest.o
configure:2386: $? = 0
configure:2397: result: yes
configure:2414: checking for gcc option to accept ANSI C
configure:2484: gcc  -c -g -O2  conftest.c >&5
configure:2490: $? = 0
configure:2493: test -z 			 || test ! -s conftest.err
configure:2496: $? = 0
configure:2499: test -s conftest.o
configure:2502: $? = 0
configure:2520: result: none needed
configure:2538: gcc -c -g -O2  conftest.c >&5
conftest.c:2: parse error before "me"
configure:2544: $? = 1
configure: failed program was:
| #ifndef __cplusplus
|   choke me
| #endif
configure:2685: checking for style of include used by make
configure:2713: result: GNU
configure:2741: checking dependency style of gcc
configure:2831: result: gcc3
configure:2861: checking for a BSD-compatible install
configure:2916: result: /usr/bin/install -c
configure:2934: checking for emacs
configure:2950: found /usr/bin/emacs
configure:2960: result: emacs
configure:2984: checking where .elc files should go
configure:2997: $EMACS -batch -q -eval '(while load-path (princ (concat (car load-path) "\n")) (setq load-path (cdr load-path)))' </dev/null >conftest.out
Loading /usr/share/emacs/site-lisp/site-start.d/aspell-init.el (source)...
Loading /usr/share/emacs/site-lisp/site-start.d/lang.emacs.el (source)...
Loading /usr/share/emacs/site-lisp/site-start.d/php-mode-init.el (source)...
Loading /usr/share/emacs/site-lisp/site-start.d/po-mode-init.el (source)...
Loading /usr/share/emacs/site-lisp/site-start.d/psgml-init.el (source)...
Loading /usr/share/emacs/site-lisp/site-start.d/python-mode-init.el (source)...
Loading /usr/share/emacs/site-lisp/site-start.d/rpm-spec-mode-init.el (source)...
configure:3000: $? = 0
configure:3013: result: ${datadir}/emacs/site-lisp
configure:3062: checking for xml2-config
configure:3080: found /usr/bin/xml2-config
configure:3093: result: /usr/bin/xml2-config
configure:3101: checking for libxml - version >= 2.6.13
configure:3208: gcc -o conftest -g -O2  -I/usr/include/libxml2  conftest.c -L/usr/lib -lxml2 -lz -lm  >&5
configure:3211: $? = 0
configure:3213: ./conftest
configure:3216: $? = 1
configure: program exited with status 1
configure: failed program was:
| /* confdefs.h.  */
| 
| #define PACKAGE_NAME "doxymacs"
| #define PACKAGE_TARNAME "doxymacs"
| #define PACKAGE_VERSION "1.7.0"
| #define PACKAGE_STRING "doxymacs 1.7.0"
| #define PACKAGE_BUGREPORT "http://sourceforge.net/projects/doxymacs"
| #define PACKAGE "doxymacs"
| #define VERSION "1.7.0"
| /* end confdefs.h.  */
| 
| #include <stdlib.h>
| #include <stdio.h>
| #include <string.h>
| #include <libxml/xmlversion.h>
| 
| int
| main()
| {
|   int xml_major_version, xml_minor_version, xml_micro_version;
|   int major, minor, micro;
|   char *tmp_version;
| 
|   system("touch conf.xmltest");
| 
|   /* Capture xml2-config output via autoconf/configure variables */
|   /* HP/UX 9 (%@#!) writes to sscanf strings */
|   tmp_version = (char *)strdup("2.6.13");
|   if (sscanf(tmp_version, "%d.%d.%d", &major, &minor, &micro) != 3) {
|      printf("%s, bad version string from xml2-config\n", "2.6.13");
|      exit(1);
|    }
|    free(tmp_version);
| 
|    /* Capture the version information from the header files */
|    tmp_version = (char *)strdup(LIBXML_DOTTED_VERSION);
|    if (sscanf(tmp_version, "%d.%d.%d", &xml_major_version, &xml_minor_version, &xml_micro_version) != 3) {
|      printf("%s, bad version string from libxml includes\n", "LIBXML_DOTTED_VERSION");
|      exit(1);
|    }
|    free(tmp_version);
| 
|  /* Compare xml2-config output to the libxml headers */
|   if ((xml_major_version != 2) ||
|       (xml_minor_version != 5) ||
|       (xml_micro_version != 4))
|     {
|       printf("*** libxml header files (version %d.%d.%d) do not match\n",
|          xml_major_version, xml_minor_version, xml_micro_version);
|       printf("*** xml2-config (version %d.%d.%d)\n",
|          2, 5, 4);
|       return 1;
|     }
| /* Compare the headers to the library to make sure we match */
|   /* Less than ideal -- doesn't provide us with return value feedback,
|    * only exits if there's a serious mismatch between header and library.
|    */
|     LIBXML_TEST_VERSION;
| 
|     /* Test that the library is greater than our minimum version */
|     if ((xml_major_version > major) ||
|         ((xml_major_version == major) && (xml_minor_version > minor)) ||
|         ((xml_major_version == major) && (xml_minor_version == minor) &&
|         (xml_micro_version >= micro)))
|       {
|         return 0;
|        }
|      else
|       {
|         printf("\n*** An old version of libxml (%d.%d.%d) was found.\n",
|                xml_major_version, xml_minor_version, xml_micro_version);
|         printf("*** You need a version of libxml newer than %d.%d.%d. The latest version of\n",
|            major, minor, micro);
|         printf("*** libxml is always available from ftp://ftp.xmlsoft.org.\n");
|         printf("***\n");
|         printf("*** If you have already installed a sufficiently new version, this error\n");
|         printf("*** probably means that the wrong copy of the xml2-config shell script is\n");
|         printf("*** being found. The easiest way to fix this is to remove the old version\n");
|         printf("*** of LIBXML, but you can also set the XML2_CONFIG environment to point to the\n");
|         printf("*** correct copy of xml2-config. (In this case, you will have to\n");
|         printf("*** modify your LD_LIBRARY_PATH enviroment variable, or edit /etc/ld.so.conf\n");
|         printf("*** so that the correct libraries are found at run-time))\n");
|     }
|   return 1;
| }
| 
configure:3239: result: no
configure:3331: checking how to run the C preprocessor
configure:3366: gcc -E  conftest.c
configure:3372: $? = 0
configure:3404: gcc -E  conftest.c
conftest.c:11:28: ac_nonexistent.h: No such file or directory
configure:3410: $? = 1
configure: failed program was:
| /* confdefs.h.  */
| 
| #define PACKAGE_NAME "doxymacs"
| #define PACKAGE_TARNAME "doxymacs"
| #define PACKAGE_VERSION "1.7.0"
| #define PACKAGE_STRING "doxymacs 1.7.0"
| #define PACKAGE_BUGREPORT "http://sourceforge.net/projects/doxymacs"
| #define PACKAGE "doxymacs"
| #define VERSION "1.7.0"
| /* end confdefs.h.  */
| #include <ac_nonexistent.h>
configure:3449: result: gcc -E
configure:3473: gcc -E  conftest.c
configure:3479: $? = 0
configure:3511: gcc -E  conftest.c
conftest.c:11:28: ac_nonexistent.h: No such file or directory
configure:3517: $? = 1
configure: failed program was:
| /* confdefs.h.  */
| 
| #define PACKAGE_NAME "doxymacs"
| #define PACKAGE_TARNAME "doxymacs"
| #define PACKAGE_VERSION "1.7.0"
| #define PACKAGE_STRING "doxymacs 1.7.0"
| #define PACKAGE_BUGREPORT "http://sourceforge.net/projects/doxymacs"
| #define PACKAGE "doxymacs"
| #define VERSION "1.7.0"
| /* end confdefs.h.  */
| #include <ac_nonexistent.h>
configure:3561: checking for egrep
configure:3571: result: grep -E
configure:3576: checking for ANSI C header files
configure:3601: gcc -c -g -O2  conftest.c >&5
configure:3607: $? = 0
configure:3610: test -z 			 || test ! -s conftest.err
configure:3613: $? = 0
configure:3616: test -s conftest.o
configure:3619: $? = 0
configure:3705: gcc -o conftest -g -O2   conftest.c  >&5
configure:3708: $? = 0
configure:3710: ./conftest
configure:3713: $? = 0
configure:3728: result: yes
configure:3739: checking for an ANSI C-conforming const
configure:3806: gcc -c -g -O2  conftest.c >&5
configure:3812: $? = 0
configure:3815: test -z 			 || test ! -s conftest.err
configure:3818: $? = 0
configure:3821: test -s conftest.o
configure:3824: $? = 0
configure:3835: result: yes
configure:3850: checking for strdup
configure:3907: gcc -o conftest -g -O2   conftest.c  >&5
configure:3913: $? = 0
configure:3916: test -z 			 || test ! -s conftest.err
configure:3919: $? = 0
configure:3922: test -s conftest
configure:3925: $? = 0
configure:3937: result: yes
configure:4120: creating ./config.status

## ---------------------- ##
## Running config.status. ##
## ---------------------- ##

This file was extended by doxymacs config.status 1.7.0, which was
generated by GNU Autoconf 2.59.  Invocation command line was

  CONFIG_FILES    = 
  CONFIG_HEADERS  = 
  CONFIG_LINKS    = 
  CONFIG_COMMANDS = 
  $ ./config.status 

on vcroc.ddns.info

config.status:733: creating Makefile
config.status:733: creating c/Makefile
config.status:733: creating lisp/Makefile
config.status:733: creating lisp/doxymacs.el
config.status:733: creating no-autoconf/Makefile
config.status:878: executing depfiles commands

## ---------------- ##
## Cache variables. ##
## ---------------- ##

ac_cv_c_compiler_gnu=yes
ac_cv_c_const=yes
ac_cv_env_CC_set=
ac_cv_env_CC_value=
ac_cv_env_CFLAGS_set=
ac_cv_env_CFLAGS_value=
ac_cv_env_CPPFLAGS_set=
ac_cv_env_CPPFLAGS_value=
ac_cv_env_CPP_set=
ac_cv_env_CPP_value=
ac_cv_env_EMACSLOADPATH_set=
ac_cv_env_EMACSLOADPATH_value=
ac_cv_env_EMACS_set=
ac_cv_env_EMACS_value=
ac_cv_env_LDFLAGS_set=
ac_cv_env_LDFLAGS_value=
ac_cv_env_build_alias_set=
ac_cv_env_build_alias_value=
ac_cv_env_host_alias_set=
ac_cv_env_host_alias_value=
ac_cv_env_target_alias_set=
ac_cv_env_target_alias_value=
ac_cv_exeext=
ac_cv_func_strdup=yes
ac_cv_header_stdc=yes
ac_cv_objext=o
ac_cv_path_XML2_CONFIG=/usr/bin/xml2-config
ac_cv_path_install='/usr/bin/install -c'
ac_cv_prog_AWK=gawk
ac_cv_prog_CPP='gcc -E'
ac_cv_prog_EMACS=emacs
ac_cv_prog_ac_ct_CC=gcc
ac_cv_prog_cc_g=yes
ac_cv_prog_cc_stdc=
ac_cv_prog_egrep='grep -E'
ac_cv_prog_make_make_set=yes
am_cv_CC_dependencies_compiler_type=gcc3
am_cv_lispdir='${datadir}/emacs/site-lisp'

## ----------------- ##
## Output variables. ##
## ----------------- ##

ACLOCAL='${SHELL} /home/wuxi/lib/doxymacs-1.7.0/missing --run aclocal-1.9'
AMDEPBACKSLASH='\'
AMDEP_FALSE='#'
AMDEP_TRUE=''
AMTAR='${SHELL} /home/wuxi/lib/doxymacs-1.7.0/missing --run tar'
AUTOCONF='${SHELL} /home/wuxi/lib/doxymacs-1.7.0/missing --run autoconf'
AUTOHEADER='${SHELL} /home/wuxi/lib/doxymacs-1.7.0/missing --run autoheader'
AUTOMAKE='${SHELL} /home/wuxi/lib/doxymacs-1.7.0/missing --run automake-1.9'
AWK='gawk'
CC='gcc'
CCDEPMODE='depmode=gcc3'
CFLAGS='-g -O2'
CPP='gcc -E'
CPPFLAGS=''
CYGPATH_W='echo'
DEFS='-DPACKAGE_NAME=\"doxymacs\" -DPACKAGE_TARNAME=\"doxymacs\" -DPACKAGE_VERSION=\"1.7.0\" -DPACKAGE_STRING=\"doxymacs\ 1.7.0\" -DPACKAGE_BUGREPORT=\"http://sourceforge.net/projects/doxymacs\" -DPACKAGE=\"doxymacs\" -DVERSION=\"1.7.0\" -DSTDC_HEADERS=1 -DHAVE_STRDUP=1 '
DEPDIR='.deps'
DOXYMACS_DEFAULT_STYLE='JavaDoc'
DOXYMACS_PARSER='/home/wuxi/bin/doxymacs_parser'
DOXYMACS_USE_EXTERNAL_XML_PARSER='nil'
ECHO_C=''
ECHO_N='-n'
ECHO_T=''
EGREP='grep -E'
EMACS='emacs'
EMACSLOADPATH=''
EXEEXT=''
INSTALL_DATA='${INSTALL} -m 644'
INSTALL_PROGRAM='${INSTALL}'
INSTALL_SCRIPT='${INSTALL}'
INSTALL_STRIP_PROGRAM='${SHELL} $(install_sh) -c -s'
LDFLAGS=''
LIBOBJS=''
LIBS=''
LTLIBOBJS=''
MAKEINFO='${SHELL} /home/wuxi/lib/doxymacs-1.7.0/missing --run makeinfo'
OBJEXT='o'
PACKAGE='doxymacs'
PACKAGE_BUGREPORT='http://sourceforge.net/projects/doxymacs'
PACKAGE_NAME='doxymacs'
PACKAGE_STRING='doxymacs 1.7.0'
PACKAGE_TARNAME='doxymacs'
PACKAGE_VERSION='1.7.0'
PATH_SEPARATOR=':'
SET_MAKE=''
SHELL='/bin/sh'
STRIP=''
VERSION='1.7.0'
XML2_CONFIG='/usr/bin/xml2-config'
XML_CPPFLAGS=''
XML_LIBS=''
ac_ct_CC='gcc'
ac_ct_STRIP=''
am__fastdepCC_FALSE='#'
am__fastdepCC_TRUE=''
am__include='include'
am__leading_dot='.'
am__quote=''
am__tar='${AMTAR} chof - "$$tardir"'
am__untar='${AMTAR} xf -'
bindir='${exec_prefix}/bin'
build_alias=''
datadir='${prefix}/share'
exec_prefix='${prefix}'
host_alias=''
includedir='${prefix}/include'
infodir='${prefix}/info'
install_sh='/home/wuxi/lib/doxymacs-1.7.0/install-sh'
libdir='${exec_prefix}/lib'
libexecdir='${exec_prefix}/libexec'
lispdir='${datadir}/emacs/site-lisp'
localstatedir='${prefix}/var'
mandir='${prefix}/man'
mkdir_p='mkdir -p --'
oldincludedir='/usr/include'
prefix='/home/wuxi'
program_transform_name='s,x,x,'
sbindir='${exec_prefix}/sbin'
sharedstatedir='${prefix}/com'
sysconfdir='${prefix}/etc'
target_alias=''

## ----------- ##
## confdefs.h. ##
## ----------- ##

#define HAVE_STRDUP 1
#define PACKAGE "doxymacs"
#define PACKAGE_BUGREPORT "http://sourceforge.net/projects/doxymacs"
#define PACKAGE_NAME "doxymacs"
#define PACKAGE_STRING "doxymacs 1.7.0"
#define PACKAGE_TARNAME "doxymacs"
#define PACKAGE_VERSION "1.7.0"
#define STDC_HEADERS 1
#define VERSION "1.7.0"

configure: exit 0
