This file contains any messages produced by compilers while
running configure, to aid debugging if configure makes a mistake.

It was created by cscope configure 15.6, which was
generated by GNU Autoconf 2.59.  Invocation command line was

  $ ./configure 

## --------- ##
## Platform. ##
## --------- ##

hostname = localhost.localdomain
uname -m = ia64
uname -r = 2.6.9-42.EL
uname -s = Linux
uname -v = #1 SMP Wed Jul 12 23:25:09 EDT 2006

/usr/bin/uname -p = unknown
/bin/uname -X     = unknown

/bin/arch              = ia64
/usr/bin/arch -k       = unknown
/usr/convex/getsysinfo = unknown
hostinfo               = unknown
/bin/machine           = unknown
/usr/bin/oslevel       = unknown
/bin/universe          = unknown

PATH: /usr/kerberos/bin
PATH: /usr/local/bin
PATH: /bin
PATH: /usr/bin
PATH: /usr/X11R6/bin
PATH: /home/wuxi/bin


## ----------- ##
## Core tests. ##
## ----------- ##

configure:1363: checking for a BSD-compatible install
configure:1418: result: /usr/bin/install -c
configure:1429: checking whether build environment is sane
configure:1472: result: yes
configure:1537: checking for gawk
configure:1553: found /bin/gawk
configure:1563: result: gawk
configure:1573: checking whether make sets $(MAKE)
configure:1593: result: yes
configure:1770: checking build system type
configure:1788: result: ia64-unknown-linux-gnu
configure:1796: checking host system type
configure:1810: result: ia64-unknown-linux-gnu
configure:1833: checking for a BSD-compatible install
configure:1888: result: /usr/bin/install -c
configure:1945: checking for gcc
configure:1961: found /usr/bin/gcc
configure:1971: result: gcc
configure:2215: checking for C compiler version
configure:2218: gcc --version </dev/null >&5
gcc (GCC) 3.4.6 20060404 (Red Hat 3.4.6-3)
Copyright (C) 2006 Free Software Foundation, Inc.
This is free software; see the source for copying conditions.  There is NO
warranty; not even for MERCHANTABILITY or FITNESS FOR A PARTICULAR PURPOSE.

configure:2221: $? = 0
configure:2223: gcc -v </dev/null >&5
Reading specs from /usr/lib/gcc/ia64-redhat-linux/3.4.6/specs
Configured with: ../configure --prefix=/usr --mandir=/usr/share/man --infodir=/usr/share/info --enable-shared --enable-threads=posix --disable-checking --with-system-zlib --enable-__cxa_atexit --disable-libunwind-exceptions --enable-java-awt=gtk --host=ia64-redhat-linux
Thread model: posix
gcc version 3.4.6 20060404 (Red Hat 3.4.6-3)
configure:2226: $? = 0
configure:2228: gcc -V </dev/null >&5
gcc: `-V' option must have argument
configure:2231: $? = 1
configure:2254: checking for C compiler default output file name
configure:2257: gcc    conftest.c  >&5
configure:2260: $? = 0
configure:2306: result: a.out
configure:2311: checking whether the C compiler works
configure:2317: ./a.out
configure:2320: $? = 0
configure:2337: result: yes
configure:2344: checking whether we are cross compiling
configure:2346: result: no
configure:2349: checking for suffix of executables
configure:2351: gcc -o conftest    conftest.c  >&5
configure:2354: $? = 0
configure:2379: result: 
configure:2385: checking for suffix of object files
configure:2406: gcc -c   conftest.c >&5
configure:2409: $? = 0
configure:2431: result: o
configure:2435: checking whether we are using the GNU C compiler
configure:2459: gcc -c   conftest.c >&5
configure:2465: $? = 0
configure:2469: test -z 
			 || test ! -s conftest.err
configure:2472: $? = 0
configure:2475: test -s conftest.o
configure:2478: $? = 0
configure:2491: result: yes
configure:2497: checking whether gcc accepts -g
configure:2518: gcc -c -g  conftest.c >&5
configure:2524: $? = 0
configure:2528: test -z 
			 || test ! -s conftest.err
configure:2531: $? = 0
configure:2534: test -s conftest.o
configure:2537: $? = 0
configure:2548: result: yes
configure:2565: checking for gcc option to accept ANSI C
configure:2635: gcc  -c -g -O2  conftest.c >&5
configure:2641: $? = 0
configure:2645: test -z 
			 || test ! -s conftest.err
configure:2648: $? = 0
configure:2651: test -s conftest.o
configure:2654: $? = 0
configure:2672: result: none needed
configure:2690: gcc -c -g -O2  conftest.c >&5
conftest.c:2: error: syntax error before "me"
configure:2696: $? = 1
configure: failed program was:
| #ifndef __cplusplus
|   choke me
| #endif
configure:2840: checking for style of include used by make
configure:2868: result: GNU
configure:2896: checking dependency style of gcc
configure:2986: result: gcc3
configure:3009: checking for flex
configure:3025: found /usr/bin/flex
configure:3035: result: flex
configure:3048: checking for yywrap in -lfl
configure:3078: gcc -o conftest -g -O2   conftest.c -lfl   >&5
configure:3084: $? = 0
configure:3088: test -z 
			 || test ! -s conftest.err
configure:3091: $? = 0
configure:3094: test -s conftest
configure:3097: $? = 0
configure:3110: result: yes
configure:3188: checking lex output file root
configure:3199: flex conftest.l
configure:3202: $? = 0
configure:3214: result: lex.yy
configure:3219: checking whether yytext is a pointer
configure:3235: gcc -o conftest -g -O2   conftest.c  -lfl >&5
configure:3241: $? = 0
configure:3245: test -z 
			 || test ! -s conftest.err
configure:3248: $? = 0
configure:3251: test -s conftest
configure:3254: $? = 0
configure:3268: result: yes
configure:3302: checking for bison
configure:3318: found /usr/bin/bison
configure:3328: result: bison -y
configure:3362: checking how to run the C preprocessor
configure:3397: gcc -E  conftest.c
configure:3403: $? = 0
configure:3435: gcc -E  conftest.c
conftest.c:12:28: ac_nonexistent.h: No such file or directory
configure:3441: $? = 1
configure: failed program was:
| /* confdefs.h.  */
| 
| #define PACKAGE_NAME "cscope"
| #define PACKAGE_TARNAME "cscope"
| #define PACKAGE_VERSION "15.6"
| #define PACKAGE_STRING "cscope 15.6"
| #define PACKAGE_BUGREPORT ""
| #define PACKAGE "cscope"
| #define VERSION "15.6"
| #define YYTEXT_POINTER 1
| /* end confdefs.h.  */
| #include <ac_nonexistent.h>
configure:3480: result: gcc -E
configure:3504: gcc -E  conftest.c
configure:3510: $? = 0
configure:3542: gcc -E  conftest.c
conftest.c:12:28: ac_nonexistent.h: No such file or directory
configure:3548: $? = 1
configure: failed program was:
| /* confdefs.h.  */
| 
| #define PACKAGE_NAME "cscope"
| #define PACKAGE_TARNAME "cscope"
| #define PACKAGE_VERSION "15.6"
| #define PACKAGE_STRING "cscope 15.6"
| #define PACKAGE_BUGREPORT ""
| #define PACKAGE "cscope"
| #define VERSION "15.6"
| #define YYTEXT_POINTER 1
| /* end confdefs.h.  */
| #include <ac_nonexistent.h>
configure:3592: checking for egrep
configure:3602: result: grep -E
configure:3758: checking "location of ncurses.h file"...
configure:3766: result: Found ncurses on /usr/include/ncurses.h
configure:4006: checking for ncurses version
configure:4025: result: 5.4
configure:4066: checking for ANSI C header files
configure:4091: gcc -c -g -O2  conftest.c >&5
configure:4097: $? = 0
configure:4101: test -z 
			 || test ! -s conftest.err
configure:4104: $? = 0
configure:4107: test -s conftest.o
configure:4110: $? = 0
configure:4199: gcc -o conftest -g -O2   conftest.c  >&5
configure:4202: $? = 0
configure:4204: ./conftest
configure:4207: $? = 0
configure:4222: result: yes
configure:4246: checking for sys/types.h
configure:4262: gcc -c -g -O2  conftest.c >&5
configure:4268: $? = 0
configure:4272: test -z 
			 || test ! -s conftest.err
configure:4275: $? = 0
configure:4278: test -s conftest.o
configure:4281: $? = 0
configure:4292: result: yes
configure:4246: checking for sys/stat.h
configure:4262: gcc -c -g -O2  conftest.c >&5
configure:4268: $? = 0
configure:4272: test -z 
			 || test ! -s conftest.err
configure:4275: $? = 0
configure:4278: test -s conftest.o
configure:4281: $? = 0
configure:4292: result: yes
configure:4246: checking for stdlib.h
configure:4262: gcc -c -g -O2  conftest.c >&5
configure:4268: $? = 0
configure:4272: test -z 
			 || test ! -s conftest.err
configure:4275: $? = 0
configure:4278: test -s conftest.o
configure:4281: $? = 0
configure:4292: result: yes
configure:4246: checking for string.h
configure:4262: gcc -c -g -O2  conftest.c >&5
configure:4268: $? = 0
configure:4272: test -z 
			 || test ! -s conftest.err
configure:4275: $? = 0
configure:4278: test -s conftest.o
configure:4281: $? = 0
configure:4292: result: yes
configure:4246: checking for memory.h
configure:4262: gcc -c -g -O2  conftest.c >&5
configure:4268: $? = 0
configure:4272: test -z 
			 || test ! -s conftest.err
configure:4275: $? = 0
configure:4278: test -s conftest.o
configure:4281: $? = 0
configure:4292: result: yes
configure:4246: checking for strings.h
configure:4262: gcc -c -g -O2  conftest.c >&5
configure:4268: $? = 0
configure:4272: test -z 
			 || test ! -s conftest.err
configure:4275: $? = 0
configure:4278: test -s conftest.o
configure:4281: $? = 0
configure:4292: result: yes
configure:4246: checking for inttypes.h
configure:4262: gcc -c -g -O2  conftest.c >&5
configure:4268: $? = 0
configure:4272: test -z 
			 || test ! -s conftest.err
configure:4275: $? = 0
configure:4278: test -s conftest.o
configure:4281: $? = 0
configure:4292: result: yes
configure:4246: checking for stdint.h
configure:4262: gcc -c -g -O2  conftest.c >&5
configure:4268: $? = 0
configure:4272: test -z 
			 || test ! -s conftest.err
configure:4275: $? = 0
configure:4278: test -s conftest.o
configure:4281: $? = 0
configure:4292: result: yes
configure:4246: checking for unistd.h
configure:4262: gcc -c -g -O2  conftest.c >&5
configure:4268: $? = 0
configure:4272: test -z 
			 || test ! -s conftest.err
configure:4275: $? = 0
configure:4278: test -s conftest.o
configure:4281: $? = 0
configure:4292: result: yes
configure:4314: checking regex.h usability
configure:4326: gcc -c -g -O2  conftest.c >&5
configure:4332: $? = 0
configure:4336: test -z 
			 || test ! -s conftest.err
configure:4339: $? = 0
configure:4342: test -s conftest.o
configure:4345: $? = 0
configure:4355: result: yes
configure:4359: checking regex.h presence
configure:4369: gcc -E  conftest.c
configure:4375: $? = 0
configure:4395: result: yes
configure:4430: checking for regex.h
configure:4437: result: yes
configure:4454: checking for regcomp in -lregex
configure:4484: gcc -o conftest -g -O2   conftest.c -lregex   >&5
/usr/bin/ld: cannot find -lregex
collect2: ld returned 1 exit status
configure:4490: $? = 1
configure: failed program was:
| /* confdefs.h.  */
| 
| #define PACKAGE_NAME "cscope"
| #define PACKAGE_TARNAME "cscope"
| #define PACKAGE_VERSION "15.6"
| #define PACKAGE_STRING "cscope 15.6"
| #define PACKAGE_BUGREPORT ""
| #define PACKAGE "cscope"
| #define VERSION "15.6"
| #define YYTEXT_POINTER 1
| #define HAS_CURSES 1
| #define USE_NCURSES 1
| #define STDC_HEADERS 1
| #define HAVE_SYS_TYPES_H 1
| #define HAVE_SYS_STAT_H 1
| #define HAVE_STDLIB_H 1
| #define HAVE_STRING_H 1
| #define HAVE_MEMORY_H 1
| #define HAVE_STRINGS_H 1
| #define HAVE_INTTYPES_H 1
| #define HAVE_STDINT_H 1
| #define HAVE_UNISTD_H 1
| /* end confdefs.h.  */
| 
| /* Override any gcc2 internal prototype to avoid an error.  */
| #ifdef __cplusplus
| extern "C"
| #endif
| /* We use char because int might match the return type of a gcc2
|    builtin and then its argument prototype would still apply.  */
| char regcomp ();
| int
| main ()
| {
| regcomp ();
|   ;
|   return 0;
| }
configure:4516: result: no
configure:4535: checking for gnome-config
configure:4564: result: no
configure:4570: checking for pkg-config
configure:4586: found /usr/bin/pkg-config
configure:4596: result: true
configure:4651: checking for dirent.h that defines DIR
configure:4675: gcc -c -g -O2  conftest.c >&5
configure:4681: $? = 0
configure:4685: test -z 
			 || test ! -s conftest.err
configure:4688: $? = 0
configure:4691: test -s conftest.o
configure:4694: $? = 0
configure:4705: result: yes
configure:4718: checking for library containing opendir
configure:4748: gcc -o conftest -g -O2   conftest.c  >&5
configure:4754: $? = 0
configure:4758: test -z 
			 || test ! -s conftest.err
configure:4761: $? = 0
configure:4764: test -s conftest
configure:4767: $? = 0
configure:4837: result: none required
configure:4973: checking for ANSI C header files
configure:5129: result: yes
configure:5159: checking fcntl.h usability
configure:5171: gcc -c -g -O2  conftest.c >&5
configure:5177: $? = 0
configure:5181: test -z 
			 || test ! -s conftest.err
configure:5184: $? = 0
configure:5187: test -s conftest.o
configure:5190: $? = 0
configure:5200: result: yes
configure:5204: checking fcntl.h presence
configure:5214: gcc -E  conftest.c
configure:5220: $? = 0
configure:5240: result: yes
configure:5275: checking for fcntl.h
configure:5282: result: yes
configure:5159: checking sys/window.h usability
configure:5171: gcc -c -g -O2  conftest.c >&5
conftest.c:61:24: sys/window.h: No such file or directory
configure:5177: $? = 1
configure: failed program was:
| /* confdefs.h.  */
| 
| #define PACKAGE_NAME "cscope"
| #define PACKAGE_TARNAME "cscope"
| #define PACKAGE_VERSION "15.6"
| #define PACKAGE_STRING "cscope 15.6"
| #define PACKAGE_BUGREPORT ""
| #define PACKAGE "cscope"
| #define VERSION "15.6"
| #define YYTEXT_POINTER 1
| #define HAS_CURSES 1
| #define USE_NCURSES 1
| #define STDC_HEADERS 1
| #define HAVE_SYS_TYPES_H 1
| #define HAVE_SYS_STAT_H 1
| #define HAVE_STDLIB_H 1
| #define HAVE_STRING_H 1
| #define HAVE_MEMORY_H 1
| #define HAVE_STRINGS_H 1
| #define HAVE_INTTYPES_H 1
| #define HAVE_STDINT_H 1
| #define HAVE_UNISTD_H 1
| #define HAVE_DIRENT_H 1
| #define STDC_HEADERS 1
| #define HAVE_FCNTL_H 1
| /* end confdefs.h.  */
| #include <stdio.h>
| #if HAVE_SYS_TYPES_H
| # include <sys/types.h>
| #endif
| #if HAVE_SYS_STAT_H
| # include <sys/stat.h>
| #endif
| #if STDC_HEADERS
| # include <stdlib.h>
| # include <stddef.h>
| #else
| # if HAVE_STDLIB_H
| #  include <stdlib.h>
| # endif
| #endif
| #if HAVE_STRING_H
| # if !STDC_HEADERS && HAVE_MEMORY_H
| #  include <memory.h>
| # endif
| # include <string.h>
| #endif
| #if HAVE_STRINGS_H
| # include <strings.h>
| #endif
| #if HAVE_INTTYPES_H
| # include <inttypes.h>
| #else
| # if HAVE_STDINT_H
| #  include <stdint.h>
| # endif
| #endif
| #if HAVE_UNISTD_H
| # include <unistd.h>
| #endif
| #include <sys/window.h>
configure:5200: result: no
configure:5204: checking sys/window.h presence
configure:5214: gcc -E  conftest.c
conftest.c:27:24: sys/window.h: No such file or directory
configure:5220: $? = 1
configure: failed program was:
| /* confdefs.h.  */
| 
| #define PACKAGE_NAME "cscope"
| #define PACKAGE_TARNAME "cscope"
| #define PACKAGE_VERSION "15.6"
| #define PACKAGE_STRING "cscope 15.6"
| #define PACKAGE_BUGREPORT ""
| #define PACKAGE "cscope"
| #define VERSION "15.6"
| #define YYTEXT_POINTER 1
| #define HAS_CURSES 1
| #define USE_NCURSES 1
| #define STDC_HEADERS 1
| #define HAVE_SYS_TYPES_H 1
| #define HAVE_SYS_STAT_H 1
| #define HAVE_STDLIB_H 1
| #define HAVE_STRING_H 1
| #define HAVE_MEMORY_H 1
| #define HAVE_STRINGS_H 1
| #define HAVE_INTTYPES_H 1
| #define HAVE_STDINT_H 1
| #define HAVE_UNISTD_H 1
| #define HAVE_DIRENT_H 1
| #define STDC_HEADERS 1
| #define HAVE_FCNTL_H 1
| /* end confdefs.h.  */
| #include <sys/window.h>
configure:5240: result: no
configure:5275: checking for sys/window.h
configure:5282: result: no
configure:5159: checking sys/termios.h usability
configure:5171: gcc -c -g -O2  conftest.c >&5
configure:5177: $? = 0
configure:5181: test -z 
			 || test ! -s conftest.err
configure:5184: $? = 0
configure:5187: test -s conftest.o
configure:5190: $? = 0
configure:5200: result: yes
configure:5204: checking sys/termios.h presence
configure:5214: gcc -E  conftest.c
configure:5220: $? = 0
configure:5240: result: yes
configure:5275: checking for sys/termios.h
configure:5282: result: yes
configure:5150: checking for unistd.h
configure:5155: result: yes
configure:5159: checking signal.h usability
configure:5171: gcc -c -g -O2  conftest.c >&5
configure:5177: $? = 0
configure:5181: test -z 
			 || test ! -s conftest.err
configure:5184: $? = 0
configure:5187: test -s conftest.o
configure:5190: $? = 0
configure:5200: result: yes
configure:5204: checking signal.h presence
configure:5214: gcc -E  conftest.c
configure:5220: $? = 0
configure:5240: result: yes
configure:5275: checking for signal.h
configure:5282: result: yes
configure:5159: checking floss.h usability
configure:5171: gcc -c -g -O2  conftest.c >&5
conftest.c:64:19: floss.h: No such file or directory
configure:5177: $? = 1
configure: failed program was:
| /* confdefs.h.  */
| 
| #define PACKAGE_NAME "cscope"
| #define PACKAGE_TARNAME "cscope"
| #define PACKAGE_VERSION "15.6"
| #define PACKAGE_STRING "cscope 15.6"
| #define PACKAGE_BUGREPORT ""
| #define PACKAGE "cscope"
| #define VERSION "15.6"
| #define YYTEXT_POINTER 1
| #define HAS_CURSES 1
| #define USE_NCURSES 1
| #define STDC_HEADERS 1
| #define HAVE_SYS_TYPES_H 1
| #define HAVE_SYS_STAT_H 1
| #define HAVE_STDLIB_H 1
| #define HAVE_STRING_H 1
| #define HAVE_MEMORY_H 1
| #define HAVE_STRINGS_H 1
| #define HAVE_INTTYPES_H 1
| #define HAVE_STDINT_H 1
| #define HAVE_UNISTD_H 1
| #define HAVE_DIRENT_H 1
| #define STDC_HEADERS 1
| #define HAVE_FCNTL_H 1
| #define HAVE_SYS_TERMIOS_H 1
| #define HAVE_UNISTD_H 1
| #define HAVE_SIGNAL_H 1
| /* end confdefs.h.  */
| #include <stdio.h>
| #if HAVE_SYS_TYPES_H
| # include <sys/types.h>
| #endif
| #if HAVE_SYS_STAT_H
| # include <sys/stat.h>
| #endif
| #if STDC_HEADERS
| # include <stdlib.h>
| # include <stddef.h>
| #else
| # if HAVE_STDLIB_H
| #  include <stdlib.h>
| # endif
| #endif
| #if HAVE_STRING_H
| # if !STDC_HEADERS && HAVE_MEMORY_H
| #  include <memory.h>
| # endif
| # include <string.h>
| #endif
| #if HAVE_STRINGS_H
| # include <strings.h>
| #endif
| #if HAVE_INTTYPES_H
| # include <inttypes.h>
| #else
| # if HAVE_STDINT_H
| #  include <stdint.h>
| # endif
| #endif
| #if HAVE_UNISTD_H
| # include <unistd.h>
| #endif
| #include <floss.h>
configure:5200: result: no
configure:5204: checking floss.h presence
configure:5214: gcc -E  conftest.c
conftest.c:30:19: floss.h: No such file or directory
configure:5220: $? = 1
configure: failed program was:
| /* confdefs.h.  */
| 
| #define PACKAGE_NAME "cscope"
| #define PACKAGE_TARNAME "cscope"
| #define PACKAGE_VERSION "15.6"
| #define PACKAGE_STRING "cscope 15.6"
| #define PACKAGE_BUGREPORT ""
| #define PACKAGE "cscope"
| #define VERSION "15.6"
| #define YYTEXT_POINTER 1
| #define HAS_CURSES 1
| #define USE_NCURSES 1
| #define STDC_HEADERS 1
| #define HAVE_SYS_TYPES_H 1
| #define HAVE_SYS_STAT_H 1
| #define HAVE_STDLIB_H 1
| #define HAVE_STRING_H 1
| #define HAVE_MEMORY_H 1
| #define HAVE_STRINGS_H 1
| #define HAVE_INTTYPES_H 1
| #define HAVE_STDINT_H 1
| #define HAVE_UNISTD_H 1
| #define HAVE_DIRENT_H 1
| #define STDC_HEADERS 1
| #define HAVE_FCNTL_H 1
| #define HAVE_SYS_TERMIOS_H 1
| #define HAVE_UNISTD_H 1
| #define HAVE_SIGNAL_H 1
| /* end confdefs.h.  */
| #include <floss.h>
configure:5240: result: no
configure:5275: checking for floss.h
configure:5282: result: no
configure:5159: checking io.h usability
configure:5171: gcc -c -g -O2  conftest.c >&5
conftest.c:64:16: io.h: No such file or directory
configure:5177: $? = 1
configure: failed program was:
| /* confdefs.h.  */
| 
| #define PACKAGE_NAME "cscope"
| #define PACKAGE_TARNAME "cscope"
| #define PACKAGE_VERSION "15.6"
| #define PACKAGE_STRING "cscope 15.6"
| #define PACKAGE_BUGREPORT ""
| #define PACKAGE "cscope"
| #define VERSION "15.6"
| #define YYTEXT_POINTER 1
| #define HAS_CURSES 1
| #define USE_NCURSES 1
| #define STDC_HEADERS 1
| #define HAVE_SYS_TYPES_H 1
| #define HAVE_SYS_STAT_H 1
| #define HAVE_STDLIB_H 1
| #define HAVE_STRING_H 1
| #define HAVE_MEMORY_H 1
| #define HAVE_STRINGS_H 1
| #define HAVE_INTTYPES_H 1
| #define HAVE_STDINT_H 1
| #define HAVE_UNISTD_H 1
| #define HAVE_DIRENT_H 1
| #define STDC_HEADERS 1
| #define HAVE_FCNTL_H 1
| #define HAVE_SYS_TERMIOS_H 1
| #define HAVE_UNISTD_H 1
| #define HAVE_SIGNAL_H 1
| /* end confdefs.h.  */
| #include <stdio.h>
| #if HAVE_SYS_TYPES_H
| # include <sys/types.h>
| #endif
| #if HAVE_SYS_STAT_H
| # include <sys/stat.h>
| #endif
| #if STDC_HEADERS
| # include <stdlib.h>
| # include <stddef.h>
| #else
| # if HAVE_STDLIB_H
| #  include <stdlib.h>
| # endif
| #endif
| #if HAVE_STRING_H
| # if !STDC_HEADERS && HAVE_MEMORY_H
| #  include <memory.h>
| # endif
| # include <string.h>
| #endif
| #if HAVE_STRINGS_H
| # include <strings.h>
| #endif
| #if HAVE_INTTYPES_H
| # include <inttypes.h>
| #else
| # if HAVE_STDINT_H
| #  include <stdint.h>
| # endif
| #endif
| #if HAVE_UNISTD_H
| # include <unistd.h>
| #endif
| #include <io.h>
configure:5200: result: no
configure:5204: checking io.h presence
configure:5214: gcc -E  conftest.c
conftest.c:30:16: io.h: No such file or directory
configure:5220: $? = 1
configure: failed program was:
| /* confdefs.h.  */
| 
| #define PACKAGE_NAME "cscope"
| #define PACKAGE_TARNAME "cscope"
| #define PACKAGE_VERSION "15.6"
| #define PACKAGE_STRING "cscope 15.6"
| #define PACKAGE_BUGREPORT ""
| #define PACKAGE "cscope"
| #define VERSION "15.6"
| #define YYTEXT_POINTER 1
| #define HAS_CURSES 1
| #define USE_NCURSES 1
| #define STDC_HEADERS 1
| #define HAVE_SYS_TYPES_H 1
| #define HAVE_SYS_STAT_H 1
| #define HAVE_STDLIB_H 1
| #define HAVE_STRING_H 1
| #define HAVE_MEMORY_H 1
| #define HAVE_STRINGS_H 1
| #define HAVE_INTTYPES_H 1
| #define HAVE_STDINT_H 1
| #define HAVE_UNISTD_H 1
| #define HAVE_DIRENT_H 1
| #define STDC_HEADERS 1
| #define HAVE_FCNTL_H 1
| #define HAVE_SYS_TERMIOS_H 1
| #define HAVE_UNISTD_H 1
| #define HAVE_SIGNAL_H 1
| /* end confdefs.h.  */
| #include <io.h>
configure:5240: result: no
configure:5275: checking for io.h
configure:5282: result: no
configure:5296: checking for an ANSI C-conforming const
configure:5363: gcc -c -g -O2  conftest.c >&5
configure:5369: $? = 0
configure:5373: test -z 
			 || test ! -s conftest.err
configure:5376: $? = 0
configure:5379: test -s conftest.o
configure:5382: $? = 0
configure:5393: result: yes
configure:5403: checking for mode_t
configure:5427: gcc -c -g -O2  conftest.c >&5
configure:5433: $? = 0
configure:5437: test -z 
			 || test ! -s conftest.err
configure:5440: $? = 0
configure:5443: test -s conftest.o
configure:5446: $? = 0
configure:5457: result: yes
configure:5469: checking for pid_t
configure:5493: gcc -c -g -O2  conftest.c >&5
configure:5499: $? = 0
configure:5503: test -z 
			 || test ! -s conftest.err
configure:5506: $? = 0
configure:5509: test -s conftest.o
configure:5512: $? = 0
configure:5523: result: yes
configure:5535: checking for size_t
configure:5559: gcc -c -g -O2  conftest.c >&5
configure:5565: $? = 0
configure:5569: test -z 
			 || test ! -s conftest.err
configure:5572: $? = 0
configure:5575: test -s conftest.o
configure:5578: $? = 0
configure:5589: result: yes
configure:5601: checking for sighandler_t
configure:5629: gcc -c -g -O2  conftest.c >&5
conftest.c: In function `main':
conftest.c:38: error: `sighandler_t' undeclared (first use in this function)
conftest.c:38: error: (Each undeclared identifier is reported only once
conftest.c:38: error: for each function it appears in.)
conftest.c:38: error: syntax error before ')' token
configure:5635: $? = 1
configure: failed program was:
| /* confdefs.h.  */
| 
| #define PACKAGE_NAME "cscope"
| #define PACKAGE_TARNAME "cscope"
| #define PACKAGE_VERSION "15.6"
| #define PACKAGE_STRING "cscope 15.6"
| #define PACKAGE_BUGREPORT ""
| #define PACKAGE "cscope"
| #define VERSION "15.6"
| #define YYTEXT_POINTER 1
| #define HAS_CURSES 1
| #define USE_NCURSES 1
| #define STDC_HEADERS 1
| #define HAVE_SYS_TYPES_H 1
| #define HAVE_SYS_STAT_H 1
| #define HAVE_STDLIB_H 1
| #define HAVE_STRING_H 1
| #define HAVE_MEMORY_H 1
| #define HAVE_STRINGS_H 1
| #define HAVE_INTTYPES_H 1
| #define HAVE_STDINT_H 1
| #define HAVE_UNISTD_H 1
| #define HAVE_DIRENT_H 1
| #define STDC_HEADERS 1
| #define HAVE_FCNTL_H 1
| #define HAVE_SYS_TERMIOS_H 1
| #define HAVE_UNISTD_H 1
| #define HAVE_SIGNAL_H 1
| /* end confdefs.h.  */
| 
| #ifdef HAVE_SIGNAL_H
| # include <signal.h>
| #endif
| 
| int
| main ()
| {
| if ((sighandler_t *) 0)
|   return 0;
| if (sizeof (sighandler_t))
|   return 0;
|   ;
|   return 0;
| }
configure:5659: result: no
configure:5662: checking for sigsetjmp
configure:5680: gcc -o conftest -g -O2   conftest.c  >&5
configure:5686: $? = 0
configure:5690: test -z 
			 || test ! -s conftest.err
configure:5693: $? = 0
configure:5696: test -s conftest
configure:5699: $? = 0
configure:5701: result: yes
configure:5718: checking return type of signal handlers
configure:5749: gcc -c -g -O2  conftest.c >&5
configure:5755: $? = 0
configure:5759: test -z 
			 || test ! -s conftest.err
configure:5762: $? = 0
configure:5765: test -s conftest.o
configure:5768: $? = 0
configure:5779: result: void
configure:5795: checking for strchr
configure:5852: gcc -o conftest -g -O2   conftest.c  >&5
conftest.c:56: warning: conflicting types for built-in function 'strchr'
configure:5858: $? = 0
configure:5862: test -z 
			 || test ! -s conftest.err
configure:5865: $? = 0
configure:5868: test -s conftest
configure:5871: $? = 0
configure:5883: result: yes
configure:5795: checking for memcpy
configure:5852: gcc -o conftest -g -O2   conftest.c  >&5
conftest.c:57: warning: conflicting types for built-in function 'memcpy'
configure:5858: $? = 0
configure:5862: test -z 
			 || test ! -s conftest.err
configure:5865: $? = 0
configure:5868: test -s conftest
configure:5871: $? = 0
configure:5883: result: yes
configure:5795: checking for memset
configure:5852: gcc -o conftest -g -O2   conftest.c  >&5
conftest.c:58: warning: conflicting types for built-in function 'memset'
configure:5858: $? = 0
configure:5862: test -z 
			 || test ! -s conftest.err
configure:5865: $? = 0
configure:5868: test -s conftest
configure:5871: $? = 0
configure:5883: result: yes
configure:5795: checking for setmode
configure:5852: gcc -o conftest -g -O2   conftest.c  >&5
/tmp/cc8Vd5x9.o(.text+0x2): In function `main':
/home/wuxi/lib/cscope-15.6/conftest.c:75: undefined reference to `setmode'
/tmp/cc8Vd5x9.o(.sdata+0x0): undefined reference to `setmode'
collect2: ld returned 1 exit status
configure:5858: $? = 1
configure: failed program was:
| /* confdefs.h.  */
| 
| #define PACKAGE_NAME "cscope"
| #define PACKAGE_TARNAME "cscope"
| #define PACKAGE_VERSION "15.6"
| #define PACKAGE_STRING "cscope 15.6"
| #define PACKAGE_BUGREPORT ""
| #define PACKAGE "cscope"
| #define VERSION "15.6"
| #define YYTEXT_POINTER 1
| #define HAS_CURSES 1
| #define USE_NCURSES 1
| #define STDC_HEADERS 1
| #define HAVE_SYS_TYPES_H 1
| #define HAVE_SYS_STAT_H 1
| #define HAVE_STDLIB_H 1
| #define HAVE_STRING_H 1
| #define HAVE_MEMORY_H 1
| #define HAVE_STRINGS_H 1
| #define HAVE_INTTYPES_H 1
| #define HAVE_STDINT_H 1
| #define HAVE_UNISTD_H 1
| #define HAVE_DIRENT_H 1
| #define STDC_HEADERS 1
| #define HAVE_FCNTL_H 1
| #define HAVE_SYS_TERMIOS_H 1
| #define HAVE_UNISTD_H 1
| #define HAVE_SIGNAL_H 1
| #define HAVE_SIGSETJMP 1
| #define RETSIGTYPE void
| #define HAVE_STRCHR 1
| #define HAVE_MEMCPY 1
| #define HAVE_MEMSET 1
| /* end confdefs.h.  */
| /* Define setmode to an innocuous variant, in case <limits.h> declares setmode.
|    For example, HP-UX 11i <limits.h> declares gettimeofday.  */
| #define setmode innocuous_setmode
| 
| /* System header to define __stub macros and hopefully few prototypes,
|     which can conflict with char setmode (); below.
|     Prefer <limits.h> to <assert.h> if __STDC__ is defined, since
|     <limits.h> exists even on freestanding compilers.  */
| 
| #ifdef __STDC__
| # include <limits.h>
| #else
| # include <assert.h>
| #endif
| 
| #undef setmode
| 
| /* Override any gcc2 internal prototype to avoid an error.  */
| #ifdef __cplusplus
| extern "C"
| {
| #endif
| /* We use char because int might match the return type of a gcc2
|    builtin and then its argument prototype would still apply.  */
| char setmode ();
| /* The GNU C library defines this for functions which it implements
|     to always fail with ENOSYS.  Some functions are actually named
|     something starting with __ and the normal name is an alias.  */
| #if defined (__stub_setmode) || defined (__stub___setmode)
| choke me
| #else
| char (*f) () = setmode;
| #endif
| #ifdef __cplusplus
| }
| #endif
| 
| int
| main ()
| {
| return f != setmode;
|   ;
|   return 0;
| }
configure:5883: result: no
configure:5795: checking for _setmode
configure:5852: gcc -o conftest -g -O2   conftest.c  >&5
/tmp/cc6U1erh.o(.text+0x2): In function `main':
/home/wuxi/lib/cscope-15.6/conftest.c:75: undefined reference to `_setmode'
/tmp/cc6U1erh.o(.sdata+0x0): undefined reference to `_setmode'
collect2: ld returned 1 exit status
configure:5858: $? = 1
configure: failed program was:
| /* confdefs.h.  */
| 
| #define PACKAGE_NAME "cscope"
| #define PACKAGE_TARNAME "cscope"
| #define PACKAGE_VERSION "15.6"
| #define PACKAGE_STRING "cscope 15.6"
| #define PACKAGE_BUGREPORT ""
| #define PACKAGE "cscope"
| #define VERSION "15.6"
| #define YYTEXT_POINTER 1
| #define HAS_CURSES 1
| #define USE_NCURSES 1
| #define STDC_HEADERS 1
| #define HAVE_SYS_TYPES_H 1
| #define HAVE_SYS_STAT_H 1
| #define HAVE_STDLIB_H 1
| #define HAVE_STRING_H 1
| #define HAVE_MEMORY_H 1
| #define HAVE_STRINGS_H 1
| #define HAVE_INTTYPES_H 1
| #define HAVE_STDINT_H 1
| #define HAVE_UNISTD_H 1
| #define HAVE_DIRENT_H 1
| #define STDC_HEADERS 1
| #define HAVE_FCNTL_H 1
| #define HAVE_SYS_TERMIOS_H 1
| #define HAVE_UNISTD_H 1
| #define HAVE_SIGNAL_H 1
| #define HAVE_SIGSETJMP 1
| #define RETSIGTYPE void
| #define HAVE_STRCHR 1
| #define HAVE_MEMCPY 1
| #define HAVE_MEMSET 1
| /* end confdefs.h.  */
| /* Define _setmode to an innocuous variant, in case <limits.h> declares _setmode.
|    For example, HP-UX 11i <limits.h> declares gettimeofday.  */
| #define _setmode innocuous__setmode
| 
| /* System header to define __stub macros and hopefully few prototypes,
|     which can conflict with char _setmode (); below.
|     Prefer <limits.h> to <assert.h> if __STDC__ is defined, since
|     <limits.h> exists even on freestanding compilers.  */
| 
| #ifdef __STDC__
| # include <limits.h>
| #else
| # include <assert.h>
| #endif
| 
| #undef _setmode
| 
| /* Override any gcc2 internal prototype to avoid an error.  */
| #ifdef __cplusplus
| extern "C"
| {
| #endif
| /* We use char because int might match the return type of a gcc2
|    builtin and then its argument prototype would still apply.  */
| char _setmode ();
| /* The GNU C library defines this for functions which it implements
|     to always fail with ENOSYS.  Some functions are actually named
|     something starting with __ and the normal name is an alias.  */
| #if defined (__stub__setmode) || defined (__stub____setmode)
| choke me
| #else
| char (*f) () = _setmode;
| #endif
| #ifdef __cplusplus
| }
| #endif
| 
| int
| main ()
| {
| return f != _setmode;
|   ;
|   return 0;
| }
configure:5883: result: no
configure:5903: checking for getcwd
configure:5960: gcc -o conftest -g -O2   conftest.c  >&5
configure:5966: $? = 0
configure:5970: test -z 
			 || test ! -s conftest.err
configure:5973: $? = 0
configure:5976: test -s conftest
configure:5979: $? = 0
configure:5991: result: yes
configure:5903: checking for regcmp
configure:5960: gcc -o conftest -g -O2   conftest.c  >&5
/tmp/ccG14yAF.o(.text+0x2): In function `main':
/home/wuxi/lib/cscope-15.6/conftest.c:76: undefined reference to `regcmp'
/tmp/ccG14yAF.o(.sdata+0x0): undefined reference to `regcmp'
collect2: ld returned 1 exit status
configure:5966: $? = 1
configure: failed program was:
| /* confdefs.h.  */
| 
| #define PACKAGE_NAME "cscope"
| #define PACKAGE_TARNAME "cscope"
| #define PACKAGE_VERSION "15.6"
| #define PACKAGE_STRING "cscope 15.6"
| #define PACKAGE_BUGREPORT ""
| #define PACKAGE "cscope"
| #define VERSION "15.6"
| #define YYTEXT_POINTER 1
| #define HAS_CURSES 1
| #define USE_NCURSES 1
| #define STDC_HEADERS 1
| #define HAVE_SYS_TYPES_H 1
| #define HAVE_SYS_STAT_H 1
| #define HAVE_STDLIB_H 1
| #define HAVE_STRING_H 1
| #define HAVE_MEMORY_H 1
| #define HAVE_STRINGS_H 1
| #define HAVE_INTTYPES_H 1
| #define HAVE_STDINT_H 1
| #define HAVE_UNISTD_H 1
| #define HAVE_DIRENT_H 1
| #define STDC_HEADERS 1
| #define HAVE_FCNTL_H 1
| #define HAVE_SYS_TERMIOS_H 1
| #define HAVE_UNISTD_H 1
| #define HAVE_SIGNAL_H 1
| #define HAVE_SIGSETJMP 1
| #define RETSIGTYPE void
| #define HAVE_STRCHR 1
| #define HAVE_MEMCPY 1
| #define HAVE_MEMSET 1
| #define HAVE_GETCWD 1
| /* end confdefs.h.  */
| /* Define regcmp to an innocuous variant, in case <limits.h> declares regcmp.
|    For example, HP-UX 11i <limits.h> declares gettimeofday.  */
| #define regcmp innocuous_regcmp
| 
| /* System header to define __stub macros and hopefully few prototypes,
|     which can conflict with char regcmp (); below.
|     Prefer <limits.h> to <assert.h> if __STDC__ is defined, since
|     <limits.h> exists even on freestanding compilers.  */
| 
| #ifdef __STDC__
| # include <limits.h>
| #else
| # include <assert.h>
| #endif
| 
| #undef regcmp
| 
| /* Override any gcc2 internal prototype to avoid an error.  */
| #ifdef __cplusplus
| extern "C"
| {
| #endif
| /* We use char because int might match the return type of a gcc2
|    builtin and then its argument prototype would still apply.  */
| char regcmp ();
| /* The GNU C library defines this for functions which it implements
|     to always fail with ENOSYS.  Some functions are actually named
|     something starting with __ and the normal name is an alias.  */
| #if defined (__stub_regcmp) || defined (__stub___regcmp)
| choke me
| #else
| char (*f) () = regcmp;
| #endif
| #ifdef __cplusplus
| }
| #endif
| 
| int
| main ()
| {
| return f != regcmp;
|   ;
|   return 0;
| }
configure:5991: result: no
configure:5903: checking for regcomp
configure:5960: gcc -o conftest -g -O2   conftest.c  >&5
configure:5966: $? = 0
configure:5970: test -z 
			 || test ! -s conftest.err
configure:5973: $? = 0
configure:5976: test -s conftest
configure:5979: $? = 0
configure:5991: result: yes
configure:5903: checking for strerror
configure:5960: gcc -o conftest -g -O2   conftest.c  >&5
configure:5966: $? = 0
configure:5970: test -z 
			 || test ! -s conftest.err
configure:5973: $? = 0
configure:5976: test -s conftest
configure:5979: $? = 0
configure:5991: result: yes
configure:5903: checking for vsnprintf
configure:5960: gcc -o conftest -g -O2   conftest.c  >&5
conftest.c:62: warning: conflicting types for built-in function 'vsnprintf'
configure:5966: $? = 0
configure:5970: test -z 
			 || test ! -s conftest.err
configure:5973: $? = 0
configure:5976: test -s conftest
configure:5979: $? = 0
configure:5991: result: yes
configure:5903: checking for snprintf
configure:5960: gcc -o conftest -g -O2   conftest.c  >&5
conftest.c:63: warning: conflicting types for built-in function 'snprintf'
configure:5966: $? = 0
configure:5970: test -z 
			 || test ! -s conftest.err
configure:5973: $? = 0
configure:5976: test -s conftest
configure:5979: $? = 0
configure:5991: result: yes
configure:5903: checking for lstat
configure:5960: gcc -o conftest -g -O2   conftest.c  >&5
configure:5966: $? = 0
configure:5970: test -z 
			 || test ! -s conftest.err
configure:5973: $? = 0
configure:5976: test -s conftest
configure:5979: $? = 0
configure:5991: result: yes
configure:6005: checking for fixkeypad
configure:6062: gcc -o conftest -g -O2   conftest.c  >&5
/tmp/ccEfQQUq.o(.text+0x2): In function `main':
/home/wuxi/lib/cscope-15.6/conftest.c:81: undefined reference to `fixkeypad'
/tmp/ccEfQQUq.o(.sdata+0x0): undefined reference to `fixkeypad'
collect2: ld returned 1 exit status
configure:6068: $? = 1
configure: failed program was:
| /* confdefs.h.  */
| 
| #define PACKAGE_NAME "cscope"
| #define PACKAGE_TARNAME "cscope"
| #define PACKAGE_VERSION "15.6"
| #define PACKAGE_STRING "cscope 15.6"
| #define PACKAGE_BUGREPORT ""
| #define PACKAGE "cscope"
| #define VERSION "15.6"
| #define YYTEXT_POINTER 1
| #define HAS_CURSES 1
| #define USE_NCURSES 1
| #define STDC_HEADERS 1
| #define HAVE_SYS_TYPES_H 1
| #define HAVE_SYS_STAT_H 1
| #define HAVE_STDLIB_H 1
| #define HAVE_STRING_H 1
| #define HAVE_MEMORY_H 1
| #define HAVE_STRINGS_H 1
| #define HAVE_INTTYPES_H 1
| #define HAVE_STDINT_H 1
| #define HAVE_UNISTD_H 1
| #define HAVE_DIRENT_H 1
| #define STDC_HEADERS 1
| #define HAVE_FCNTL_H 1
| #define HAVE_SYS_TERMIOS_H 1
| #define HAVE_UNISTD_H 1
| #define HAVE_SIGNAL_H 1
| #define HAVE_SIGSETJMP 1
| #define RETSIGTYPE void
| #define HAVE_STRCHR 1
| #define HAVE_MEMCPY 1
| #define HAVE_MEMSET 1
| #define HAVE_GETCWD 1
| #define HAVE_REGCOMP 1
| #define HAVE_STRERROR 1
| #define HAVE_VSNPRINTF 1
| #define HAVE_SNPRINTF 1
| #define HAVE_LSTAT 1
| /* end confdefs.h.  */
| /* Define fixkeypad to an innocuous variant, in case <limits.h> declares fixkeypad.
|    For example, HP-UX 11i <limits.h> declares gettimeofday.  */
| #define fixkeypad innocuous_fixkeypad
| 
| /* System header to define __stub macros and hopefully few prototypes,
|     which can conflict with char fixkeypad (); below.
|     Prefer <limits.h> to <assert.h> if __STDC__ is defined, since
|     <limits.h> exists even on freestanding compilers.  */
| 
| #ifdef __STDC__
| # include <limits.h>
| #else
| # include <assert.h>
| #endif
| 
| #undef fixkeypad
| 
| /* Override any gcc2 internal prototype to avoid an error.  */
| #ifdef __cplusplus
| extern "C"
| {
| #endif
| /* We use char because int might match the return type of a gcc2
|    builtin and then its argument prototype would still apply.  */
| char fixkeypad ();
| /* The GNU C library defines this for functions which it implements
|     to always fail with ENOSYS.  Some functions are actually named
|     something starting with __ and the normal name is an alias.  */
| #if defined (__stub_fixkeypad) || defined (__stub___fixkeypad)
| choke me
| #else
| char (*f) () = fixkeypad;
| #endif
| #ifdef __cplusplus
| }
| #endif
| 
| int
| main ()
| {
| return f != fixkeypad;
|   ;
|   return 0;
| }
configure:6093: result: no
configure:6103: checking whether lstat dereferences a symlink specified with a trailing slash
configure:6134: gcc -o conftest -g -O2   conftest.c  >&5
configure:6137: $? = 0
configure:6139: ./conftest
configure:6142: $? = 0
configure:6163: result: yes
configure:6184: checking whether lstat accepts an empty string
configure:6209: gcc -o conftest -g -O2   conftest.c  >&5
configure:6212: $? = 0
configure:6214: ./conftest
configure:6217: $? = 1
configure: program exited with status 1
configure: failed program was:
| /* confdefs.h.  */
| 
| #define PACKAGE_NAME "cscope"
| #define PACKAGE_TARNAME "cscope"
| #define PACKAGE_VERSION "15.6"
| #define PACKAGE_STRING "cscope 15.6"
| #define PACKAGE_BUGREPORT ""
| #define PACKAGE "cscope"
| #define VERSION "15.6"
| #define YYTEXT_POINTER 1
| #define HAS_CURSES 1
| #define USE_NCURSES 1
| #define STDC_HEADERS 1
| #define HAVE_SYS_TYPES_H 1
| #define HAVE_SYS_STAT_H 1
| #define HAVE_STDLIB_H 1
| #define HAVE_STRING_H 1
| #define HAVE_MEMORY_H 1
| #define HAVE_STRINGS_H 1
| #define HAVE_INTTYPES_H 1
| #define HAVE_STDINT_H 1
| #define HAVE_UNISTD_H 1
| #define HAVE_DIRENT_H 1
| #define STDC_HEADERS 1
| #define HAVE_FCNTL_H 1
| #define HAVE_SYS_TERMIOS_H 1
| #define HAVE_UNISTD_H 1
| #define HAVE_SIGNAL_H 1
| #define HAVE_SIGSETJMP 1
| #define RETSIGTYPE void
| #define HAVE_STRCHR 1
| #define HAVE_MEMCPY 1
| #define HAVE_MEMSET 1
| #define HAVE_GETCWD 1
| #define HAVE_REGCOMP 1
| #define HAVE_STRERROR 1
| #define HAVE_VSNPRINTF 1
| #define HAVE_SNPRINTF 1
| #define HAVE_LSTAT 1
| #define LSTAT_FOLLOWS_SLASHED_SYMLINK 1
| /* end confdefs.h.  */
| #include <stdio.h>
| #if HAVE_SYS_TYPES_H
| # include <sys/types.h>
| #endif
| #if HAVE_SYS_STAT_H
| # include <sys/stat.h>
| #endif
| #if STDC_HEADERS
| # include <stdlib.h>
| # include <stddef.h>
| #else
| # if HAVE_STDLIB_H
| #  include <stdlib.h>
| # endif
| #endif
| #if HAVE_STRING_H
| # if !STDC_HEADERS && HAVE_MEMORY_H
| #  include <memory.h>
| # endif
| # include <string.h>
| #endif
| #if HAVE_STRINGS_H
| # include <strings.h>
| #endif
| #if HAVE_INTTYPES_H
| # include <inttypes.h>
| #else
| # if HAVE_STDINT_H
| #  include <stdint.h>
| # endif
| #endif
| #if HAVE_UNISTD_H
| # include <unistd.h>
| #endif
| int
| main ()
| {
| struct stat sbuf;
|   exit (lstat ("", &sbuf) ? 1 : 0);
|   ;
|   return 0;
| }
configure:6231: result: no
configure:6413: creating ./config.status

## ---------------------- ##
## Running config.status. ##
## ---------------------- ##

This file was extended by cscope config.status 15.6, which was
generated by GNU Autoconf 2.59.  Invocation command line was

  CONFIG_FILES    = 
  CONFIG_HEADERS  = 
  CONFIG_LINKS    = 
  CONFIG_COMMANDS = 
  $ ./config.status 

on localhost.localdomain

config.status:718: creating Makefile
config.status:718: creating doc/Makefile
config.status:718: creating src/Makefile
config.status:718: creating contrib/Makefile
config.status:822: creating config.h
config.status:990: config.h is unchanged
config.status:1170: executing depfiles commands

## ---------------- ##
## Cache variables. ##
## ---------------- ##

ac_cv_build=ia64-unknown-linux-gnu
ac_cv_build_alias=ia64-unknown-linux-gnu
ac_cv_c_compiler_gnu=yes
ac_cv_c_const=yes
ac_cv_env_CC_set=
ac_cv_env_CC_value=
ac_cv_env_CFLAGS_set=
ac_cv_env_CFLAGS_value=
ac_cv_env_CPPFLAGS_set=
ac_cv_env_CPPFLAGS_value=
ac_cv_env_CPP_set=
ac_cv_env_CPP_value=
ac_cv_env_LDFLAGS_set=
ac_cv_env_LDFLAGS_value=
ac_cv_env_build_alias_set=
ac_cv_env_build_alias_value=
ac_cv_env_host_alias_set=
ac_cv_env_host_alias_value=
ac_cv_env_target_alias_set=
ac_cv_env_target_alias_value=
ac_cv_exeext=
ac_cv_func__setmode=no
ac_cv_func_fixkeypad=no
ac_cv_func_getcwd=yes
ac_cv_func_lstat=yes
ac_cv_func_lstat_dereferences_slashed_symlink=yes
ac_cv_func_lstat_empty_string_bug=no
ac_cv_func_memcpy=yes
ac_cv_func_memset=yes
ac_cv_func_regcmp=no
ac_cv_func_regcomp=yes
ac_cv_func_setmode=no
ac_cv_func_snprintf=yes
ac_cv_func_strchr=yes
ac_cv_func_strerror=yes
ac_cv_func_vsnprintf=yes
ac_cv_header_dirent_dirent_h=yes
ac_cv_header_fcntl_h=yes
ac_cv_header_floss_h=no
ac_cv_header_inttypes_h=yes
ac_cv_header_io_h=no
ac_cv_header_memory_h=yes
ac_cv_header_regex_h=yes
ac_cv_header_signal_h=yes
ac_cv_header_stdc=yes
ac_cv_header_stdint_h=yes
ac_cv_header_stdlib_h=yes
ac_cv_header_string_h=yes
ac_cv_header_strings_h=yes
ac_cv_header_sys_stat_h=yes
ac_cv_header_sys_termios_h=yes
ac_cv_header_sys_types_h=yes
ac_cv_header_sys_window_h=no
ac_cv_header_unistd_h=yes
ac_cv_host=ia64-unknown-linux-gnu
ac_cv_host_alias=ia64-unknown-linux-gnu
ac_cv_lib_fl_yywrap=yes
ac_cv_lib_regex_regcomp=no
ac_cv_objext=o
ac_cv_path_install='/usr/bin/install -c'
ac_cv_prog_AWK=gawk
ac_cv_prog_CPP='gcc -E'
ac_cv_prog_LEX=flex
ac_cv_prog_YACC='bison -y'
ac_cv_prog_ac_ct_CC=gcc
ac_cv_prog_cc_g=yes
ac_cv_prog_cc_stdc=
ac_cv_prog_egrep='grep -E'
ac_cv_prog_gnome2=true
ac_cv_prog_lex_root=lex.yy
ac_cv_prog_lex_yytext_pointer=yes
ac_cv_prog_make_make_set=yes
ac_cv_search_opendir='none required'
ac_cv_type_mode_t=yes
ac_cv_type_pid_t=yes
ac_cv_type_sighandler_t=no
ac_cv_type_signal=void
ac_cv_type_size_t=yes
am_cv_CC_dependencies_compiler_type=gcc3

## ----------------- ##
## Output variables. ##
## ----------------- ##

ACLOCAL='${SHELL} /home/wuxi/lib/cscope-15.6/missing --run aclocal-1.9'
AMDEPBACKSLASH='\'
AMDEP_FALSE='#'
AMDEP_TRUE=''
AMTAR='${SHELL} /home/wuxi/lib/cscope-15.6/missing --run tar'
AUTOCONF='${SHELL} /home/wuxi/lib/cscope-15.6/missing --run autoconf'
AUTOHEADER='${SHELL} /home/wuxi/lib/cscope-15.6/missing --run autoheader'
AUTOMAKE='${SHELL} /home/wuxi/lib/cscope-15.6/missing --run automake-1.9'
AWK='gawk'
CC='gcc'
CCDEPMODE='depmode=gcc3'
CFLAGS='-g -O2'
CPP='gcc -E'
CPPFLAGS=''
CURSES_INCLUDEDIR=''
CURSES_LIBS='-lncurses'
CYGPATH_W='echo'
DEFS='-DHAVE_CONFIG_H'
DEPDIR='.deps'
ECHO_C=''
ECHO_N='-n'
ECHO_T=''
EGREP='grep -E'
EXEEXT=''
GNOME_LINUX_FALSE=''
GNOME_LINUX_TRUE='#'
HAS_CURSES_FALSE='#'
HAS_CURSES_TRUE=''
HAS_GNOME_FALSE='#'
HAS_GNOME_TRUE=''
INSTALL_DATA='${INSTALL} -m 644'
INSTALL_PROGRAM='${INSTALL}'
INSTALL_SCRIPT='${INSTALL}'
INSTALL_STRIP_PROGRAM='${SHELL} $(install_sh) -c -s'
LDFLAGS=''
LEX='flex'
LEXLIB='-lfl'
LEX_OUTPUT_ROOT='lex.yy'
LIBOBJS=''
LIBS=''
LTLIBOBJS=''
MAKEINFO='${SHELL} /home/wuxi/lib/cscope-15.6/missing --run makeinfo'
OBJEXT='o'
PACKAGE='cscope'
PACKAGE_BUGREPORT=''
PACKAGE_NAME='cscope'
PACKAGE_STRING='cscope 15.6'
PACKAGE_TARNAME='cscope'
PACKAGE_VERSION='15.6'
PATH_SEPARATOR=':'
SET_MAKE=''
SHELL='/bin/sh'
STRIP=''
USING_GNOME2_FALSE=''
USING_GNOME2_TRUE='#'
USING_LEX_FALSE=''
USING_LEX_TRUE='#'
VERSION='15.6'
YACC='bison -y'
ac_ct_CC='gcc'
ac_ct_STRIP=''
am__fastdepCC_FALSE='#'
am__fastdepCC_TRUE=''
am__include='include'
am__leading_dot='.'
am__quote=''
am__tar='${AMTAR} chof - "$$tardir"'
am__untar='${AMTAR} xf -'
bindir='${exec_prefix}/bin'
build='ia64-unknown-linux-gnu'
build_alias=''
build_cpu='ia64'
build_os='linux-gnu'
build_vendor='unknown'
datadir='${prefix}/share'
exec_prefix='${prefix}'
gnome1=''
gnome2='true'
host='ia64-unknown-linux-gnu'
host_alias=''
host_cpu='ia64'
host_os='linux-gnu'
host_vendor='unknown'
includedir='${prefix}/include'
infodir='${prefix}/info'
install_sh='/home/wuxi/lib/cscope-15.6/install-sh'
libdir='${exec_prefix}/lib'
libexecdir='${exec_prefix}/libexec'
localstatedir='${prefix}/var'
mandir='${prefix}/man'
mkdir_p='mkdir -p --'
oldincludedir='/usr/include'
prefix='/usr/local'
program_transform_name='s,x,x,'
sbindir='${exec_prefix}/sbin'
sharedstatedir='${prefix}/com'
sysconfdir='${prefix}/etc'
target_alias=''

## ----------- ##
## confdefs.h. ##
## ----------- ##

#define HAS_CURSES 1
#define HAVE_DIRENT_H 1
#define HAVE_FCNTL_H 1
#define HAVE_GETCWD 1
#define HAVE_INTTYPES_H 1
#define HAVE_LSTAT 1
#define HAVE_MEMCPY 1
#define HAVE_MEMORY_H 1
#define HAVE_MEMSET 1
#define HAVE_REGCOMP 1
#define HAVE_SIGNAL_H 1
#define HAVE_SIGSETJMP 1
#define HAVE_SNPRINTF 1
#define HAVE_STDINT_H 1
#define HAVE_STDLIB_H 1
#define HAVE_STRCHR 1
#define HAVE_STRERROR 1
#define HAVE_STRINGS_H 1
#define HAVE_STRING_H 1
#define HAVE_SYS_STAT_H 1
#define HAVE_SYS_TERMIOS_H 1
#define HAVE_SYS_TYPES_H 1
#define HAVE_UNISTD_H 1
#define HAVE_UNISTD_H 1
#define HAVE_VSNPRINTF 1
#define LSTAT_FOLLOWS_SLASHED_SYMLINK 1
#define Linux 1
#define PACKAGE "cscope"
#define PACKAGE_BUGREPORT ""
#define PACKAGE_NAME "cscope"
#define PACKAGE_STRING "cscope 15.6"
#define PACKAGE_TARNAME "cscope"
#define PACKAGE_VERSION "15.6"
#define RETSIGTYPE void
#define STDC_HEADERS 1
#define STDC_HEADERS 1
#define USE_NCURSES 1
#define VERSION "15.6"
#define YYTEXT_POINTER 1

configure: exit 0
